19:36:42.381 INFO: JdwpDebugServer: handling req: VirtualMachine(1).IDSizes(7)
19:36:42.381 INFO: JdwpDebugServer: handling req: EventRequest(15).Set(1)
19:36:42.382 INFO: JdwpEventCenterDelegate: jdwpSetEventRequest: JdwpEventRequest{requestId=100, eventKind=CLASS_PREPARE, suspendPolicy=NONE, predicates=[]}
19:36:42.382 INFO: JdwpDebugServer: handling req: EventRequest(15).Set(1)
19:36:42.382 INFO: JdwpEventCenterDelegate: jdwpSetEventRequest: JdwpEventRequest{requestId=101, eventKind=CLASS_UNLOAD, suspendPolicy=NONE, predicates=[]}
19:36:42.463 INFO: JdwpDebugServer: handling req: VirtualMachine(1).Version(1)
19:36:42.463 INFO: JdwpDebugServer: handling req: VirtualMachine(1).capabilitiesNew(17)
19:36:42.464 INFO: JdwpDebugServer: handling req: VirtualMachine(1).capabilities(12)
19:36:42.464 INFO: JdwpDebugServer: handling req: VirtualMachine(1).AllClassesWithGeneric(20)
19:36:42.466 INFO: JdwpDebugServer: handling req: VirtualMachine(1).TopLevelThreadGroups(5)
19:36:42.468 INFO: JdwpDebugServer: handling req: EventRequest(15).Set(1)
19:36:42.468 INFO: JdwpEventCenterDelegate: jdwpSetEventRequest: JdwpEventRequest{requestId=102, eventKind=THREAD_START, suspendPolicy=NONE, predicates=[]}
19:36:42.468 INFO: JdwpDebugServer: handling req: EventRequest(15).Set(1)
19:36:42.468 INFO: JdwpEventCenterDelegate: jdwpSetEventRequest: JdwpEventRequest{requestId=103, eventKind=THREAD_DEATH, suspendPolicy=NONE, predicates=[]}
19:36:42.469 INFO: JdwpDebugServer: handling req: EventRequest(15).Set(1)
19:36:42.469 INFO: JdwpEventCenterDelegate: jdwpSetEventRequest: JdwpEventRequest{requestId=104, eventKind=CLASS_PREPARE, suspendPolicy=EVENT_THREAD, predicates=[className=sun.instrument.InstrumentationImpl]}
19:36:42.470 INFO: JdwpDebugServer: handling req: EventRequest(15).Set(1)
19:36:42.470 INFO: JdwpEventCenterDelegate: jdwpSetEventRequest: JdwpEventRequest{requestId=105, eventKind=CLASS_PREPARE, suspendPolicy=EVENT_THREAD, predicates=[className=sun.instrument.InstrumentationImpl]}
19:36:42.471 INFO: JdwpDebugServer: handling req: EventRequest(15).Set(1)
19:36:42.471 INFO: JdwpEventCenterDelegate: jdwpSetEventRequest: JdwpEventRequest{requestId=106, eventKind=CLASS_PREPARE, suspendPolicy=EVENT_THREAD, predicates=[className=java.lang.PathClassLoader]}
19:36:42.471 INFO: JdwpDebugServer: handling req: EventRequest(15).Set(1)
19:36:42.471 INFO: JdwpEventCenterDelegate: jdwpSetEventRequest: JdwpEventRequest{requestId=107, eventKind=CLASS_PREPARE, suspendPolicy=EVENT_THREAD, predicates=[className=com.goncharov.evgeny.obstacleavoid.ios.App]}
19:36:42.471 INFO: JdwpDebugServer: handling req: EventRequest(15).Set(1)
19:36:42.471 INFO: JdwpEventCenterDelegate: jdwpSetEventRequest: JdwpEventRequest{requestId=108, eventKind=CLASS_PREPARE, suspendPolicy=EVENT_THREAD, predicates=[className=com.goncharov.evgeny.obstacleavoid.ios.App]}
19:36:42.472 INFO: JdwpDebugServer: handling req: EventRequest(15).Set(1)
19:36:42.472 INFO: JdwpEventCenterDelegate: jdwpSetEventRequest: JdwpEventRequest{requestId=109, eventKind=CLASS_PREPARE, suspendPolicy=EVENT_THREAD, predicates=[className=com.goncharov.evgeny.obstacleavoid.ios.App]}
19:36:42.472 INFO: JdwpDebugServer: handling req: EventRequest(15).Set(1)
19:36:42.472 INFO: JdwpEventCenterDelegate: jdwpSetEventRequest: JdwpEventRequest{requestId=110, eventKind=CLASS_PREPARE, suspendPolicy=EVENT_THREAD, predicates=[className=com.goncharov.evgeny.obstacleavoid.ios.App]}
19:36:42.474 INFO: JdwpDebugServer: handling req: EventRequest(15).Set(1)
19:36:42.474 INFO: JdwpEventCenterDelegate: jdwpSetEventRequest: JdwpEventRequest{requestId=111, eventKind=CLASS_PREPARE, suspendPolicy=EVENT_THREAD, predicates=[className=java.lang.NoClassDefFoundError]}
19:36:43.044 INFO: JdwpDebugServer: handling req: VirtualMachine(1).Resume(9)
19:36:43.050 INFO: JdwpDebugServer: handling req: EventRequest(15).Set(1)
19:36:43.050 INFO: JdwpEventCenterDelegate: jdwpSetEventRequest: JdwpEventRequest{requestId=112, eventKind=EXCEPTION, suspendPolicy=EVENT_THREAD, predicates=[exceptionType=2135(caught=true, uncaught=true)]}
19:36:43.059 INFO: JdwpEventCenterDelegate: THREAD_STARTED: thread (33, main, main)
19:36:43.076 INFO: JdwpDebugServer: handling req: ReferenceType(2).MethodsWithGeneric(15)
19:36:43.082 INFO: JdwpDebugServer: handling req: Method(6).LineTable(1)
19:36:43.083 INFO: JdwpDebugServer: handling req: Method(6).LineTable(1)
19:36:43.083 INFO: JdwpDebugServer: handling req: Method(6).LineTable(1)
19:36:43.083 INFO: JdwpDebugServer: handling req: Method(6).LineTable(1)
19:36:43.083 INFO: JdwpDebugServer: handling req: Method(6).LineTable(1)
19:36:43.083 INFO: JdwpDebugServer: handling req: Method(6).LineTable(1)
19:36:43.083 INFO: JdwpDebugServer: handling req: Method(6).LineTable(1)
19:36:43.083 INFO: JdwpDebugServer: handling req: Method(6).LineTable(1)
19:36:43.083 INFO: JdwpDebugServer: handling req: Method(6).LineTable(1)
19:36:43.083 INFO: JdwpDebugServer: handling req: Method(6).LineTable(1)
19:36:43.083 INFO: JdwpDebugServer: handling req: Method(6).LineTable(1)
19:36:43.083 INFO: JdwpDebugServer: handling req: Method(6).LineTable(1)
19:36:43.087 INFO: JdwpDebugServer: handling req: ReferenceType(2).SourceFile(7)
19:36:43.095 INFO: JdwpDebugServer: handling req: EventRequest(15).Set(1)
19:36:43.096 INFO: JdwpEventCenterDelegate: jdwpSetEventRequest: JdwpEventRequest{requestId=113, eventKind=BREAKPOINT, suspendPolicy=EVENT_THREAD, predicates=[Location{classId=7865, methodId=1237, index=193} ]}
19:36:43.096 INFO: JdwpDebugServer: handling req: ThreadReference(11).Resume(3)
19:36:43.096 INFO: JdwpEventCenterDelegate: THREAD_RESUMED: thread (33, main, main)
19:36:43.098 INFO: JdwpEventCenterDelegate: THREAD_STARTED: thread (48, ReferenceQueueDaemon, main)
19:36:43.099 INFO: JdwpEventCenterDelegate: THREAD_STARTED: thread (63, FinalizerDaemon, main)
19:36:43.100 INFO: JdwpEventCenterDelegate: THREAD_STARTED: thread (78, FinalizerWatchdogDaemon, main)
19:36:43.101 INFO: JdwpDebugServer: handling req: ThreadReference(11).FramesCount(7)
19:36:43.101 INFO: JdwpDebugServer: handling req: ThreadReference(11).Name(1)
19:36:43.102 INFO: JdwpDebugServer: handling req: ThreadReference(11).Status(4)
19:36:43.102 INFO: JdwpDebugServer: handling req: ThreadReference(11).Frames(6)
19:36:43.105 INFO: JdwpDebugServer: handling req: ThreadReference(11).Frames(6)
19:36:43.110 INFO: JdwpDebugServer: handling req: ThreadReference(11).Name(1)
19:36:43.111 INFO: JdwpDebugServer: handling req: ThreadReference(11).ThreadGroup(5)
19:36:43.112 INFO: JdwpDebugServer: handling req: ThreadGroup(12).Name(1)
19:36:43.115 INFO: JdwpDebugServer: handling req: ClassType(3).Superclass(1)
19:36:43.176 INFO: JdwpDebugServer: handling req: StackFrame(16).ThisObject(3)
19:36:43.178 INFO: JdwpDebugServer: handling req: ObjectReference(9).ReferenceType(1)
19:36:43.185 INFO: JdwpDebugServer: handling req: Method(6).VariableTableWithGenerics(5)
19:36:43.209 INFO: JdwpDebugServer: handling req: ReferenceType(2).SourceFile(7)
19:36:43.211 INFO: JdwpDebugServer: handling req: ClassType(3).Superclass(1)
19:36:43.212 INFO: JdwpDebugServer: handling req: ClassType(3).Superclass(1)
19:36:43.212 INFO: JdwpDebugServer: handling req: ReferenceType(2).Interfaces(10)
19:36:43.212 INFO: JdwpDebugServer: handling req: ReferenceType(2).Interfaces(10)
19:36:43.213 INFO: JdwpDebugServer: handling req: ReferenceType(2).Interfaces(10)
19:36:43.213 INFO: JdwpDebugServer: handling req: ClassType(3).Superclass(1)
19:36:43.213 INFO: JdwpDebugServer: handling req: ReferenceType(2).Interfaces(10)
19:36:43.213 INFO: JdwpDebugServer: handling req: ClassType(3).Superclass(1)
19:36:43.213 INFO: JdwpDebugServer: handling req: ReferenceType(2).Interfaces(10)
19:36:43.213 INFO: JdwpDebugServer: handling req: ReferenceType(2).Interfaces(10)
19:36:43.213 INFO: JdwpDebugServer: handling req: ReferenceType(2).Interfaces(10)
19:36:43.213 INFO: JdwpDebugServer: handling req: ClassType(3).Superclass(1)
19:36:43.213 INFO: JdwpDebugServer: handling req: ReferenceType(2).Interfaces(10)
19:36:43.213 INFO: JdwpDebugServer: handling req: ClassType(3).Superclass(1)
19:36:43.213 INFO: JdwpDebugServer: handling req: ReferenceType(2).Interfaces(10)
19:36:43.215 INFO: JdwpDebugServer: handling req: ReferenceType(2).MethodsWithGeneric(15)
19:36:43.218 INFO: JdwpDebugServer: handling req: StackFrame(16).GetValues(1)
19:36:43.219 INFO: JdwpDebugServer: handling req: ObjectReference(9).ReferenceType(1)
19:36:43.219 INFO: JdwpDebugServer: handling req: ReferenceType(2).SourceFile(7)
19:36:43.219 INFO: JdwpDebugServer: handling req: ClassType(3).Superclass(1)
19:36:43.219 INFO: JdwpDebugServer: handling req: ReferenceType(2).Interfaces(10)
19:36:43.219 INFO: JdwpDebugServer: handling req: ClassType(3).Superclass(1)
19:36:43.219 INFO: JdwpDebugServer: handling req: ReferenceType(2).Interfaces(10)
19:36:43.219 INFO: JdwpDebugServer: handling req: ClassType(3).Superclass(1)
19:36:43.220 INFO: JdwpDebugServer: handling req: ReferenceType(2).Interfaces(10)
19:36:43.220 INFO: JdwpDebugServer: handling req: ClassType(3).Superclass(1)
19:36:43.220 INFO: JdwpDebugServer: handling req: ReferenceType(2).Interfaces(10)
19:36:43.220 INFO: JdwpDebugServer: handling req: ClassType(3).Superclass(1)
19:36:43.220 INFO: JdwpDebugServer: handling req: ReferenceType(2).Interfaces(10)
19:36:43.220 INFO: JdwpDebugServer: handling req: ClassType(3).Superclass(1)
19:36:43.220 INFO: JdwpDebugServer: handling req: ReferenceType(2).Interfaces(10)
19:36:43.220 INFO: JdwpDebugServer: handling req: ClassType(3).Superclass(1)
19:36:43.220 INFO: JdwpDebugServer: handling req: ReferenceType(2).Interfaces(10)
19:36:43.220 INFO: JdwpDebugServer: handling req: ReferenceType(2).Interfaces(10)
19:36:43.220 INFO: JdwpDebugServer: handling req: ReferenceType(2).Interfaces(10)
19:36:43.220 INFO: JdwpDebugServer: handling req: ReferenceType(2).Interfaces(10)
19:36:43.220 INFO: JdwpDebugServer: handling req: ReferenceType(2).Interfaces(10)
19:36:43.220 INFO: JdwpDebugServer: handling req: ReferenceType(2).Interfaces(10)
19:36:43.220 INFO: JdwpDebugServer: handling req: ReferenceType(2).Interfaces(10)
19:36:43.220 INFO: JdwpDebugServer: handling req: ReferenceType(2).Interfaces(10)
19:36:43.220 INFO: JdwpDebugServer: handling req: ReferenceType(2).Interfaces(10)
19:36:43.220 INFO: JdwpDebugServer: handling req: ReferenceType(2).Interfaces(10)
19:36:43.220 INFO: JdwpDebugServer: handling req: ReferenceType(2).Interfaces(10)
19:36:43.220 INFO: JdwpDebugServer: handling req: ReferenceType(2).Interfaces(10)
19:36:43.220 INFO: JdwpDebugServer: handling req: ReferenceType(2).Interfaces(10)
19:36:43.220 INFO: JdwpDebugServer: handling req: ReferenceType(2).Interfaces(10)
19:36:43.220 INFO: JdwpDebugServer: handling req: ReferenceType(2).Interfaces(10)
19:36:43.220 INFO: JdwpDebugServer: handling req: ReferenceType(2).Interfaces(10)
19:36:43.220 INFO: JdwpDebugServer: handling req: ReferenceType(2).Interfaces(10)
19:36:43.220 INFO: JdwpDebugServer: handling req: ReferenceType(2).Interfaces(10)
19:36:43.220 INFO: JdwpDebugServer: handling req: ReferenceType(2).Interfaces(10)
19:36:43.220 INFO: JdwpDebugServer: handling req: ReferenceType(2).Interfaces(10)
19:36:43.220 INFO: JdwpDebugServer: handling req: ReferenceType(2).Interfaces(10)
19:36:43.220 INFO: JdwpDebugServer: handling req: ReferenceType(2).Interfaces(10)
19:36:43.220 INFO: JdwpDebugServer: handling req: ReferenceType(2).Interfaces(10)
19:36:43.220 INFO: JdwpDebugServer: handling req: ReferenceType(2).Interfaces(10)
19:36:43.220 INFO: JdwpDebugServer: handling req: ReferenceType(2).Interfaces(10)
19:36:43.220 INFO: JdwpDebugServer: handling req: ReferenceType(2).Interfaces(10)
19:36:43.220 INFO: JdwpDebugServer: handling req: ReferenceType(2).Interfaces(10)
19:36:43.220 INFO: JdwpDebugServer: handling req: ReferenceType(2).Interfaces(10)
19:36:43.221 INFO: JdwpDebugServer: handling req: Method(6).LineTable(1)
19:36:43.231 INFO: JdwpDebugServer: handling req: StringReference(10).Value(1)
19:36:43.232 INFO: JdwpDebugServer: handling req: ReferenceType(2).MethodsWithGeneric(15)
19:36:43.232 INFO: JdwpDebugServer: handling req: Method(6).LineTable(1)
19:36:43.232 INFO: JdwpDebugServer: handling req: ReferenceType(2).SourceFile(7)
19:36:43.237 INFO: JdwpDebugServer: handling req: Method(6).LineTable(1)
19:36:43.241 INFO: JdwpDebugServer: handling req: ReferenceType(2).FieldsWithGeneric(14)
19:36:43.243 INFO: JdwpDebugServer: handling req: ReferenceType(2).MethodsWithGeneric(15)
19:36:43.244 INFO: JdwpDebugServer: handling req: ReferenceType(2).FieldsWithGeneric(14)
19:36:43.244 INFO: JdwpDebugServer: handling req: ReferenceType(2).FieldsWithGeneric(14)
19:36:43.245 INFO: JdwpDebugServer: handling req: ReferenceType(2).FieldsWithGeneric(14)
19:36:43.253 INFO: JdwpDebugServer: handling req: ObjectReference(9).InvokeMethod(6)
19:36:43.255 INFO: JdwpDebugServer: handling req: StringReference(10).Value(1)
19:36:43.258 INFO: JdwpDebugServer: handling req: ObjectReference(9).GetValues(2)
19:36:43.270 INFO: JdwpDebugServer: handling req: ObjectReference(9).ReferenceType(1)
19:36:43.270 INFO: JdwpDebugServer: handling req: ObjectReference(9).ReferenceType(1)
19:36:43.270 INFO: JdwpDebugServer: handling req: StringReference(10).Value(1)
19:36:43.272 INFO: JdwpDebugServer: handling req: ReferenceType(2).SourceFile(7)
19:36:43.272 INFO: JdwpDebugServer: handling req: ClassType(3).Superclass(1)
19:36:43.272 INFO: JdwpDebugServer: handling req: ReferenceType(2).Interfaces(10)
19:36:43.273 INFO: JdwpDebugServer: handling req: ClassType(3).Superclass(1)
19:36:43.273 INFO: JdwpDebugServer: handling req: ReferenceType(2).Interfaces(10)
19:36:43.273 INFO: JdwpDebugServer: handling req: ClassType(3).Superclass(1)
19:36:43.273 INFO: JdwpDebugServer: handling req: ReferenceType(2).Interfaces(10)
19:36:43.273 INFO: JdwpDebugServer: handling req: ClassType(3).Superclass(1)
19:36:43.273 INFO: JdwpDebugServer: handling req: ReferenceType(2).Interfaces(10)
19:36:43.273 INFO: JdwpDebugServer: handling req: ClassType(3).Superclass(1)
19:36:43.273 INFO: JdwpDebugServer: handling req: ReferenceType(2).Interfaces(10)
19:36:43.273 INFO: JdwpDebugServer: handling req: ClassType(3).Superclass(1)
19:36:43.273 INFO: JdwpDebugServer: handling req: ReferenceType(2).Interfaces(10)
19:36:43.273 INFO: JdwpDebugServer: handling req: ClassType(3).Superclass(1)
19:36:43.273 INFO: JdwpDebugServer: handling req: ReferenceType(2).Interfaces(10)
19:36:43.273 INFO: JdwpDebugServer: handling req: ClassType(3).Superclass(1)
19:36:43.273 INFO: JdwpDebugServer: handling req: ReferenceType(2).Interfaces(10)
19:36:43.273 INFO: JdwpDebugServer: handling req: ClassType(3).Superclass(1)
19:36:43.273 INFO: JdwpDebugServer: handling req: ClassType(3).Superclass(1)
19:36:43.273 INFO: JdwpDebugServer: handling req: ReferenceType(2).Interfaces(10)
19:36:43.273 INFO: JdwpDebugServer: handling req: ReferenceType(2).Interfaces(10)
19:36:43.273 INFO: JdwpDebugServer: handling req: ClassType(3).Superclass(1)
19:36:43.274 INFO: JdwpDebugServer: handling req: ReferenceType(2).Interfaces(10)
19:36:43.274 INFO: JdwpDebugServer: handling req: ReferenceType(2).Interfaces(10)
19:36:43.274 INFO: JdwpDebugServer: handling req: ClassType(3).Superclass(1)
19:36:43.274 INFO: JdwpDebugServer: handling req: ReferenceType(2).Interfaces(10)
19:36:43.274 INFO: JdwpDebugServer: handling req: ReferenceType(2).Interfaces(10)
19:36:43.274 INFO: JdwpDebugServer: handling req: ClassType(3).Superclass(1)
19:36:43.274 INFO: JdwpDebugServer: handling req: ReferenceType(2).Interfaces(10)
19:36:43.274 INFO: JdwpDebugServer: handling req: ReferenceType(2).Interfaces(10)
19:36:43.274 INFO: JdwpDebugServer: handling req: ClassType(3).Superclass(1)
19:36:43.274 INFO: JdwpDebugServer: handling req: ReferenceType(2).Interfaces(10)
19:36:43.274 INFO: JdwpDebugServer: handling req: ReferenceType(2).Interfaces(10)
19:36:43.274 INFO: JdwpDebugServer: handling req: ClassType(3).Superclass(1)
19:36:43.274 INFO: JdwpDebugServer: handling req: ReferenceType(2).Interfaces(10)
19:36:43.274 INFO: JdwpDebugServer: handling req: ReferenceType(2).Interfaces(10)
19:36:43.274 INFO: JdwpDebugServer: handling req: ClassType(3).Superclass(1)
19:36:43.274 INFO: JdwpDebugServer: handling req: ReferenceType(2).Interfaces(10)
19:36:43.274 INFO: JdwpDebugServer: handling req: ReferenceType(2).Interfaces(10)
19:36:43.274 INFO: JdwpDebugServer: handling req: ClassType(3).Superclass(1)
19:36:43.275 INFO: JdwpDebugServer: handling req: ReferenceType(2).Interfaces(10)
19:36:43.275 INFO: JdwpDebugServer: handling req: ReferenceType(2).Interfaces(10)
19:36:43.275 INFO: JdwpDebugServer: handling req: ReferenceType(2).Interfaces(10)
19:36:43.275 INFO: JdwpDebugServer: handling req: ReferenceType(2).Interfaces(10)
19:36:43.275 INFO: JdwpDebugServer: handling req: ReferenceType(2).Interfaces(10)
19:36:43.275 INFO: JdwpDebugServer: handling req: ReferenceType(2).Interfaces(10)
19:36:43.275 INFO: JdwpDebugServer: handling req: ReferenceType(2).Interfaces(10)
19:36:43.275 INFO: JdwpDebugServer: handling req: ReferenceType(2).Interfaces(10)
19:36:43.275 INFO: JdwpDebugServer: handling req: ReferenceType(2).Interfaces(10)
19:36:43.275 INFO: JdwpDebugServer: handling req: ReferenceType(2).Interfaces(10)
19:36:43.275 INFO: JdwpDebugServer: handling req: ReferenceType(2).Interfaces(10)
19:36:43.275 INFO: JdwpDebugServer: handling req: ReferenceType(2).MethodsWithGeneric(15)
19:36:43.275 INFO: JdwpDebugServer: handling req: ReferenceType(2).MethodsWithGeneric(15)
19:36:43.275 INFO: JdwpDebugServer: handling req: ReferenceType(2).MethodsWithGeneric(15)
19:36:43.489 INFO: JdwpDebugServer: handling req: ObjectReference(9).DisableCollection(7)
19:36:43.490 INFO: JdwpDebugServer: handling req: ObjectReference(9).InvokeMethod(6)
19:36:43.492 INFO: JdwpDebugServer: handling req: ObjectReference(9).InvokeMethod(6)
19:36:43.542 INFO: JdwpDebugServer: handling req: Method(6).LineTable(1)
19:36:43.543 INFO: JdwpDebugServer: handling req: Method(6).LineTable(1)
19:36:43.544 INFO: JdwpDebugServer: handling req: Method(6).LineTable(1)
19:36:43.544 INFO: JdwpDebugServer: handling req: Method(6).LineTable(1)
19:36:43.546 INFO: JdwpDebugServer: handling req: Method(6).LineTable(1)
19:36:43.546 INFO: JdwpDebugServer: handling req: Method(6).LineTable(1)
19:36:43.547 INFO: JdwpDebugServer: handling req: Method(6).LineTable(1)
19:36:43.547 INFO: JdwpDebugServer: handling req: Method(6).LineTable(1)
19:36:43.547 INFO: JdwpDebugServer: handling req: Method(6).LineTable(1)
19:36:43.547 INFO: JdwpDebugServer: handling req: Method(6).LineTable(1)
19:36:43.547 INFO: JdwpDebugServer: handling req: Method(6).LineTable(1)
19:36:43.548 INFO: JdwpDebugServer: handling req: Method(6).LineTable(1)
19:36:43.548 INFO: JdwpDebugServer: handling req: Method(6).LineTable(1)
19:36:43.548 INFO: JdwpDebugServer: handling req: Method(6).LineTable(1)
19:36:43.548 INFO: JdwpDebugServer: handling req: Method(6).LineTable(1)
19:36:43.548 INFO: JdwpDebugServer: handling req: Method(6).LineTable(1)
19:36:43.548 INFO: JdwpDebugServer: handling req: Method(6).LineTable(1)
19:36:43.549 INFO: JdwpDebugServer: handling req: Method(6).LineTable(1)
19:36:43.549 INFO: JdwpDebugServer: handling req: Method(6).LineTable(1)
19:36:43.550 INFO: JdwpDebugServer: handling req: Method(6).LineTable(1)
19:36:43.550 INFO: JdwpDebugServer: handling req: Method(6).LineTable(1)
19:36:43.550 INFO: JdwpDebugServer: handling req: Method(6).LineTable(1)
19:36:43.550 INFO: JdwpDebugServer: handling req: Method(6).LineTable(1)
19:36:43.551 INFO: JdwpDebugServer: handling req: Method(6).LineTable(1)
19:36:43.551 INFO: JdwpDebugServer: handling req: Method(6).LineTable(1)
19:36:43.551 INFO: JdwpDebugServer: handling req: Method(6).LineTable(1)
19:36:43.551 INFO: JdwpDebugServer: handling req: Method(6).LineTable(1)
19:36:43.551 INFO: JdwpDebugServer: handling req: Method(6).LineTable(1)
19:36:43.551 INFO: JdwpDebugServer: handling req: Method(6).LineTable(1)
19:36:43.552 INFO: JdwpDebugServer: handling req: Method(6).LineTable(1)
19:36:43.552 INFO: JdwpDebugServer: handling req: Method(6).LineTable(1)
19:36:43.552 INFO: JdwpDebugServer: handling req: Method(6).LineTable(1)
19:36:55.788 INFO: JdwpDebugServer: handling req: EventRequest(15).Set(1)
19:36:55.788 INFO: JdwpEventCenterDelegate: jdwpSetEventRequest: JdwpEventRequest{requestId=114, eventKind=CLASS_PREPARE, suspendPolicy=EVENT_THREAD, predicates=[className=java.lang.PathClassLoader]}
19:36:55.790 INFO: JdwpDebugServer: handling req: EventRequest(15).Set(1)
19:36:55.790 INFO: JdwpEventCenterDelegate: jdwpSetEventRequest: JdwpEventRequest{requestId=115, eventKind=BREAKPOINT, suspendPolicy=EVENT_THREAD, predicates=[Location{classId=7865, methodId=1237, index=193} ]}
19:36:55.792 INFO: JdwpDebugServer: handling req: ThreadReference(11).Resume(3)
19:36:55.792 INFO: JdwpEventCenterDelegate: THREAD_RESUMED: thread (33, main, main)
19:36:55.793 INFO: JdwpDebugServer: handling req: ObjectReference(9).EnableCollection(8)
19:36:55.794 INFO: JdwpDebugServer: handling req: ThreadReference(11).FramesCount(7)
19:36:55.794 INFO: JdwpDebugServer: handling req: ThreadReference(11).Name(1)
19:36:55.794 INFO: JdwpDebugServer: handling req: ThreadReference(11).Status(4)
19:36:55.794 INFO: JdwpDebugServer: handling req: ThreadReference(11).Frames(6)
19:36:55.795 INFO: JdwpDebugServer: handling req: ThreadReference(11).Name(1)
19:36:55.799 INFO: JdwpDebugServer: handling req: EventRequest(15).Clear(2)
19:36:55.800 INFO: JdwpDebugServer: handling req: EventRequest(15).Clear(2)
19:36:55.812 INFO: JdwpDebugServer: handling req: ThreadReference(11).Name(1)
19:36:55.816 INFO: JdwpDebugServer: handling req: ThreadReference(11).Frames(6)
19:36:55.823 INFO: JdwpDebugServer: handling req: StackFrame(16).ThisObject(3)
19:36:55.823 INFO: JdwpDebugServer: handling req: ObjectReference(9).ReferenceType(1)
19:36:55.830 INFO: JdwpDebugServer: handling req: StackFrame(16).GetValues(1)
19:36:55.831 INFO: JdwpDebugServer: handling req: ObjectReference(9).GetValues(2)
19:36:55.832 INFO: JdwpDebugServer: handling req: ObjectReference(9).InvokeMethod(6)
19:36:55.833 INFO: JdwpDebugServer: handling req: StringReference(10).Value(1)
19:36:55.844 INFO: JdwpDebugServer: handling req: ObjectReference(9).ReferenceType(1)
19:36:55.844 INFO: JdwpDebugServer: handling req: ObjectReference(9).ReferenceType(1)
19:36:55.844 INFO: JdwpDebugServer: handling req: ObjectReference(9).InvokeMethod(6)
19:36:55.845 INFO: JdwpDebugServer: handling req: StringReference(10).Value(1)
19:36:55.846 INFO: JdwpDebugServer: handling req: StringReference(10).Value(1)
19:36:55.846 INFO: JdwpDebugServer: handling req: ObjectReference(9).DisableCollection(7)
19:36:55.847 INFO: JdwpDebugServer: handling req: ObjectReference(9).InvokeMethod(6)
19:36:55.847 INFO: JdwpDebugServer: handling req: ObjectReference(9).InvokeMethod(6)
19:36:57.829 INFO: JdwpDebugServer: handling req: EventRequest(15).Set(1)
19:36:57.829 INFO: JdwpEventCenterDelegate: jdwpSetEventRequest: JdwpEventRequest{requestId=116, eventKind=CLASS_PREPARE, suspendPolicy=EVENT_THREAD, predicates=[className=java.lang.PathClassLoader]}
19:36:57.832 INFO: JdwpDebugServer: handling req: EventRequest(15).Set(1)
19:36:57.832 INFO: JdwpEventCenterDelegate: jdwpSetEventRequest: JdwpEventRequest{requestId=117, eventKind=BREAKPOINT, suspendPolicy=EVENT_THREAD, predicates=[Location{classId=7865, methodId=1237, index=193} ]}
19:36:57.833 INFO: JdwpDebugServer: handling req: ThreadReference(11).Resume(3)
19:36:57.833 INFO: JdwpEventCenterDelegate: THREAD_RESUMED: thread (33, main, main)
19:36:57.833 INFO: JdwpDebugServer: handling req: ObjectReference(9).EnableCollection(8)
19:36:57.833 INFO: JdwpEventCenterDelegate: THREAD_DETTACHED: thread (33, main, main)
19:36:57.843 SEVERE: Debugger: Thread HooksChannel socket thread crashed
org.robovm.debugger.DebuggerException: java.nio.BufferUnderflowException
	at org.robovm.debugger.hooks.HooksChannel.doSocketWork(HooksChannel.java:149)
	at java.base/java.lang.Thread.run(Thread.java:829)
	at org.robovm.debugger.utils.DebuggerThread.run(DebuggerThread.java:42)
Caused by: java.nio.BufferUnderflowException
	at org.robovm.debugger.utils.bytebuffer.DataBufferWriter.writeFromStream(DataBufferWriter.java:91)
	at org.robovm.debugger.hooks.HooksChannel.doSocketWork(HooksChannel.java:116)
	... 2 more
19:36:57.947 INFO: JdwpDebugServer: handling req: VirtualMachine(1).Exit(10)
19:36:57.947 SEVERE: Debugger: Thread JDWP server socket thread crashed
org.robovm.debugger.DebuggerException: Terminating due exit command
	at org.robovm.debugger.jdwp.JdwpDebugServer.doSocketWork(JdwpDebugServer.java:211)
	at java.base/java.lang.Thread.run(Thread.java:829)
	at org.robovm.debugger.utils.DebuggerThread.run(DebuggerThread.java:42)
